<?xml version="1.0" encoding="UTF-8"?>
<Site BuildName="Win32-mingw32-make"
	BuildStamp="20241013-0443-Experimental"
	Name="DESKTOP-RL06CCK"
	Generator="ctest-3.31.0-rc1"
	CompilerName="C:/msys64/ucrt64/bin/c++.exe"
	CompilerVersion="13.2.0"
	OSName="Windows"
	Hostname="DESKTOP-RL06CCK"
	OSRelease=" Professional"
	OSVersion=" (Build 19045)"
	OSPlatform="AMD64"
	Is64Bits="1"
	VendorString="GenuineIntel"
	VendorID="Intel Corporation"
	FamilyID="6"
	ModelID="14"
	ModelName=""
	ProcessorCacheSize="-1"
	NumberOfLogicalCPU="8"
	NumberOfPhysicalCPU="4"
	TotalVirtualMemory="18626"
	TotalPhysicalMemory="16194"
	LogicalProcessorsPerPhysical="2"
	ProcessorClockFrequency="1896"
	>
	<Testing>
		<StartDateTime>Oct 13 10:32 India Standard Time</StartDateTime>
		<StartTestTime>1728795761</StartTestTime>
		<TestList/>
		<EndDateTime>Oct 13 10:32 India Standard Time</EndDateTime>
		<EndTestTime>1728795761</EndTestTime>
		<ElapsedMinutes>0</ElapsedMinutes>
	</Testing>
</Site>
